{"level":"warn","message":"Ruta /j,hfilf inexistente para el método GET"}
{"level":"error","message":{"error":{}}}
{"level":"error","message":{"error":{}}}
{"level":"error","message":{"error":{}}}
{"level":"warn","message":"Ruta /favicon.ico inexistente para el método GET"}
{"level":"warn","message":"Ruta /favicon.ico inexistente para el método GET"}
{"level":"warn","message":"Ruta /favicon.ico inexistente para el método GET"}
{"level":"warn","message":"Ruta /favicon.ico inexistente para el método GET"}
{"level":"warn","message":"Ruta /favicon.ico inexistente para el método GET"}
{"level":"warn","message":"Ruta /favicon.ico inexistente para el método GET"}
{"level":"warn","message":"Ruta /favicon.ico inexistente para el método GET"}
{"level":"warn","message":"Ruta /favicon.ico inexistente para el método GET"}
{"level":"warn","message":"Ruta /favicon.ico inexistente para el método GET"}
{"level":"warn","message":"Ruta /favicon.ico inexistente para el método GET"}
{"level":"warn","message":"Ruta /favicon.ico inexistente para el método GET"}
{"level":"warn","message":"Ruta /favicon.ico inexistente para el método GET"}
{"level":"warn","message":"Ruta /favicon.ico inexistente para el método GET"}
{"level":"warn","message":"Ruta /favicon.ico inexistente para el método GET"}
{"level":"warn","message":"Ruta /favicon.ico inexistente para el método GET"}
{"level":"warn","message":"Ruta /scripts/fakeProds.js inexistente para el método GET"}
{"level":"warn","message":"Ruta /api/$%7Bthis.thumbnail%7D inexistente para el método GET"}
{"level":"warn","message":"Ruta /api/$%7Bthis.thumbnail%7D inexistente para el método GET"}
{"level":"warn","message":"Ruta /api/$%7Bthis.thumbnail%7D inexistente para el método GET"}
{"level":"warn","message":"Ruta /api/$%7Bthis.thumbnail%7D inexistente para el método GET"}
{"level":"warn","message":"Ruta /api/$%7Bthis.thumbnail%7D inexistente para el método GET"}
{"level":"warn","message":"Ruta /api/$%7Bthis.thumbnail%7D inexistente para el método GET"}
{"level":"warn","message":"Ruta /api/$%7Bthis.thumbnail%7D inexistente para el método GET"}
{"level":"warn","message":"Ruta /api/$%7Bthis.thumbnail%7D inexistente para el método GET"}
{"level":"warn","message":"Ruta /api/$%7Bthis.thumbnail%7D inexistente para el método GET"}
{"level":"warn","message":"Ruta /api/$%7Bthis.thumbnail%7D inexistente para el método GET"}
{"level":"warn","message":"Ruta /api/$%7Bthis.thumbnail%7D inexistente para el método GET"}
{"level":"warn","message":"Ruta /api/$%7Bthis.thumbnail%7D inexistente para el método GET"}
{"level":"warn","message":"Ruta /api/$%7Bthis.thumbnail%7D inexistente para el método GET"}
{"level":"warn","message":"Ruta /api/$%7Bthis.thumbnail%7D inexistente para el método GET"}
{"level":"warn","message":"Ruta /scripts/auth inexistente para el método GET"}
{"level":"warn","message":"Ruta /asdf inexistente para el método GET"}
{"level":"warn","message":"Ruta /sadfsd inexistente para el método GET"}
{"level":"warn","message":"Ruta /sadfsd inexistente para el método GET"}
{"level":"warn","message":"Ruta /asdf inexistente para el método GET"}
{"level":"warn","message":"Ruta /sadfsd inexistente para el método GET"}
{"level":"warn","message":"Ruta /asdf inexistente para el método GET"}
{"level":"warn","message":"Ruta /asdf inexistente para el método GET"}
{"level":"warn","message":"Ruta /64 inexistente para el método GET"}
{"level":"warn","message":"Ruta /api/randoms/54987432186575613 inexistente para el método GET"}
{"level":"warn","message":"Ruta /undefined inexistente para el método GET"}
{"level":"warn","message":"Ruta /undefined inexistente para el método GET"}
{"level":"warn","message":"Ruta /undefined inexistente para el método GET"}
{"level":"warn","message":"Ruta /undefined inexistente para el método GET"}
{"level":"warn","message":"Ruta /undefined inexistente para el método GET"}
{"level":"error","message":{"error":{}}}
{"level":"warn","message":"Ruta /undefined inexistente para el método GET"}
{"level":"error","message":{"error":{}}}
{"level":"warn","message":"Ruta /undefined inexistente para el método GET"}
{"level":"warn","message":"Ruta /undefined inexistente para el método GET"}
{"level":"error","message":{"error":{}}}
{"level":"warn","message":"Ruta /undefined inexistente para el método GET"}
{"level":"warn","message":"Ruta /undefined inexistente para el método GET"}
{"level":"error","message":{"error":{}}}
{"level":"warn","message":"Ruta /undefined inexistente para el método GET"}
{"level":"warn","message":"Ruta /undefined inexistente para el método GET"}
{"level":"error","message":{"error":{}}}
{"level":"warn","message":"Ruta /undefined inexistente para el método GET"}
{"level":"warn","message":"Ruta /undefined inexistente para el método GET"}
{"level":"warn","message":"Ruta /undefined inexistente para el método GET"}
{"level":"warn","message":"Ruta /undefined inexistente para el método GET"}
{"level":"warn","message":"Ruta /123qwe inexistente para el método GET"}
{"level":"warn","message":"Ruta /undefined inexistente para el método GET"}
{"level":"warn","message":"Ruta /123qwe inexistente para el método GET"}
{"level":"warn","message":"Ruta /undefined inexistente para el método GET"}
{"level":"warn","message":"Ruta /123qwe inexistente para el método GET"}
{"level":"warn","message":"Ruta /undefined inexistente para el método GET"}
{"level":"warn","message":"Ruta /undefined inexistente para el método GET"}
{"level":"warn","message":"Ruta /123qwe inexistente para el método GET"}
{"level":"error","message":{"error":{}}}
{"level":"warn","message":"Ruta /undefined inexistente para el método GET"}
{"level":"error","message":{"error":{}}}
{"level":"warn","message":"Ruta /undefined inexistente para el método GET"}
{"level":"warn","message":"Ruta /undefined inexistente para el método GET"}
{"level":"warn","message":"Ruta /123qwe inexistente para el método GET"}
{"level":"error","message":{"error":{}}}
{"level":"warn","message":"Ruta /undefined inexistente para el método GET"}
{"level":"warn","message":"Ruta /undefined inexistente para el método GET"}
{"level":"warn","message":"Ruta /123qwe inexistente para el método GET"}
{"level":"warn","message":"Ruta /undefined inexistente para el método GET"}
{"level":"warn","message":"Ruta /123qwe inexistente para el método GET"}
{"level":"warn","message":"Ruta /undefined inexistente para el método GET"}
{"level":"warn","message":"Ruta /123qwe inexistente para el método GET"}
{"level":"warn","message":"Ruta /dfsdfsd inexistente para el método GET"}
{"level":"warn","message":"Ruta /undefined inexistente para el método GET"}
{"level":"warn","message":"Ruta /undefined inexistente para el método GET"}
{"level":"warn","message":"Ruta /dfsdfsd inexistente para el método GET"}
{"level":"warn","message":"Ruta /undefined inexistente para el método GET"}
{"level":"warn","message":"Ruta /dfsdfsd inexistente para el método GET"}
{"level":"warn","message":"Ruta /undefined inexistente para el método GET"}
{"level":"warn","message":"Ruta /dfsdfsd inexistente para el método GET"}
{"level":"warn","message":"Ruta /undefined inexistente para el método GET"}
{"level":"warn","message":"Ruta /dfsdfsd inexistente para el método GET"}
{"level":"error","message":{"error":{}}}
{"level":"warn","message":"Ruta /werwe inexistente para el método GET"}
{"level":"warn","message":"Ruta /werwe inexistente para el método GET"}
{"level":"warn","message":"Ruta /werwe inexistente para el método GET"}
{"level":"warn","message":"Ruta /werwe inexistente para el método GET"}
{"level":"warn","message":"Ruta /werwe inexistente para el método GET"}
{"level":"warn","message":"Ruta /werwe inexistente para el método GET"}
{"level":"warn","message":"Ruta /werwe inexistente para el método GET"}
{"level":"warn","message":"Ruta /werwe inexistente para el método GET"}
{"level":"warn","message":"Ruta /werwe inexistente para el método GET"}
{"level":"warn","message":"Ruta /werwe inexistente para el método GET"}
{"level":"warn","message":"Ruta /werwe inexistente para el método GET"}
{"level":"error","message":{"error":{}}}
{"level":"warn","message":"Ruta /werwe inexistente para el método GET"}
{"level":"error","message":{"error":{}}}
{"level":"warn","message":"Ruta /werwe inexistente para el método GET"}
{"level":"error","message":{"error":{}}}
{"level":"warn","message":"Ruta /werwe inexistente para el método GET"}
{"level":"error","message":{"error":{}}}
{"level":"warn","message":"Ruta /werwe inexistente para el método GET"}
{"level":"error","message":{"error":{}}}
{"level":"warn","message":"Ruta /werwe inexistente para el método GET"}
{"level":"error","message":{"error":{}}}
{"level":"warn","message":"Ruta /werwe inexistente para el método GET"}
{"level":"error","message":{"error":{}}}
{"level":"warn","message":"Ruta /werwe inexistente para el método GET"}
{"level":"error","message":{"error":{}}}
{"level":"warn","message":"Ruta /werwe inexistente para el método GET"}
{"level":"error","message":{"error":{}}}
{"level":"error","message":{"error":{}}}
{"level":"error","message":{"error":{}}}
{"level":"error","message":{"error":{}}}
{"level":"error","message":{"error":{}}}
{"level":"error","message":{"error":{}}}
{"level":"error","message":{"error":{}}}
{"level":"error","message":{"error":{}}}
{"level":"error","message":{"error":{}}}
{"level":"error","message":{"error":{}}}
{"level":"error","message":{"error":{}}}
{"level":"error","message":{"error":{}}}
{"level":"error","message":{"error":{}}}
{"level":"error","message":{"error":{}}}
{"level":"error","message":{"error":{}}}
{"level":"error","message":{"error":{}}}
{"level":"error","message":{"error":{}}}
{"level":"error","message":{"error":{}}}
{"level":"error","message":{"error":{}}}
{"level":"error","message":{"error":{}}}
{"level":"error","message":{"error":{}}}
{"level":"error","message":{"error":{}}}
{"level":"error","message":{"error":{}}}
{"level":"error","message":{"error":{}}}
{"level":"error","message":{"error":{}}}
{"level":"error","message":{"error":{}}}
{"level":"error","message":{"error":{}}}
{"level":"error","message":{"error":{}}}
{"level":"error","message":{"error":{}}}
{"level":"error","message":{"error":{}}}
{"level":"error","message":{"error":{}}}
{"level":"error","message":{"error":{}}}
{"level":"error","message":{"error":{}}}
{"level":"error","message":{"error":{}}}
{"level":"error","message":{"error":{}}}
{"level":"error","message":{"error":{}}}
{"level":"error","message":{"error":{}}}
{"level":"error","message":{"error":{}}}
{"level":"error","message":{"error":{}}}
{"level":"error","message":{"error":{}}}
{"level":"error","message":{"error":{}}}
{"level":"error","message":{"error":{}}}
{"level":"error","message":{"error":{}}}
{"level":"error","message":{"error":{}}}
{"level":"error","message":{"error":{}}}
{"level":"error","message":{"error":{}}}
{"level":"error","message":{"error":{}}}
{"level":"error","message":{"error":{}}}
{"level":"error","message":{"error":{}}}
{"level":"error","message":{"error":{}}}
{"level":"error","message":{"error":{}}}
{"level":"error","message":{"error":{}}}
{"level":"error","message":{"error":{}}}
{"level":"error","message":{"error":{}}}
{"level":"error","message":{"error":{}}}
{"level":"error","message":{"error":{}}}
{"level":"error","message":{"error":{}}}
{"level":"error","message":{"error":{}}}
{"level":"error","message":{"error":{}}}
{"level":"error","message":{"error":{}}}
{"level":"error","message":{"error":{}}}
{"level":"error","message":{"error":{}}}
{"level":"error","message":{"error":{}}}
{"level":"error","message":{"error":{}}}
{"level":"warn","message":"Ruta /werwe inexistente para el método GET"}
{"level":"error","message":{"error":{}}}
{"level":"warn","message":"Ruta /werwe inexistente para el método GET"}
{"level":"error","message":{"error":{}}}
{"level":"warn","message":"Ruta /werwe inexistente para el método GET"}
{"level":"error","message":{"error":{}}}
{"level":"warn","message":"Ruta /werwe inexistente para el método GET"}
{"level":"warn","message":"Ruta /werwe inexistente para el método GET"}
{"level":"warn","message":"Ruta /werwe inexistente para el método GET"}
{"level":"warn","message":"Ruta /werwe inexistente para el método GET"}
{"level":"warn","message":"Ruta /werwe inexistente para el método GET"}
{"level":"warn","message":"Ruta /werwe inexistente para el método GET"}
{"level":"warn","message":"Ruta /werwe inexistente para el método GET"}
{"level":"warn","message":"Ruta /werwe inexistente para el método GET"}
{"level":"warn","message":"Ruta /werwe inexistente para el método GET"}
{"level":"error","message":"Critical Error: DbName needed"}
{"level":"warn","message":"Ruta /werwe inexistente para el método GET"}
{"level":"warn","message":"Ruta /werwe inexistente para el método GET"}
{"level":"warn","message":"Ruta /werwe inexistente para el método GET"}
{"level":"warn","message":"Ruta /werwe inexistente para el método GET"}
{"level":"warn","message":"Ruta /werwe inexistente para el método GET"}
{"level":"warn","message":"Ruta /werwe inexistente para el método GET"}
{"level":"warn","message":"Ruta /werwe inexistente para el método GET"}
{"level":"warn","message":"Ruta /werwe inexistente para el método GET"}
{"level":"warn","message":"Ruta /werwe inexistente para el método GET"}
{"level":"warn","message":"Ruta /werwe inexistente para el método GET"}
{"level":"warn","message":"Ruta /werwe inexistente para el método GET"}
{"level":"warn","message":"Ruta /werwe inexistente para el método GET"}
{"level":"warn","message":"Ruta /werwe inexistente para el método GET"}
{"level":"warn","message":"Ruta /werwe inexistente para el método GET"}
{"level":"warn","message":"Ruta /werwe inexistente para el método GET"}
{"level":"warn","message":"Ruta /werwe inexistente para el método GET"}
{"level":"warn","message":"Ruta /werwe inexistente para el método GET"}
{"level":"warn","message":"Ruta /werwe inexistente para el método GET"}
{"level":"warn","message":"Ruta /werwe inexistente para el método GET"}
{"level":"warn","message":"Ruta /werwe inexistente para el método GET"}
{"level":"warn","message":"Ruta /werwe inexistente para el método GET"}
{"level":"error","message":{"error":{}}}
{"level":"warn","message":"Ruta /werwe inexistente para el método GET"}
{"level":"error","message":{"error":{}}}
{"level":"error","message":{"error":{}}}
{"level":"warn","message":"Ruta /werwe inexistente para el método GET"}
{"level":"error","message":{"error":{}}}
{"level":"warn","message":"Ruta /werwe inexistente para el método GET"}
{"level":"error","message":{"error":{}}}
{"level":"warn","message":"Ruta /werwe inexistente para el método GET"}
{"level":"error","message":{"error":{}}}
{"level":"warn","message":"Ruta /werwe inexistente para el método GET"}
{"level":"error","message":{"error":{}}}
{"level":"warn","message":"Ruta /werwe inexistente para el método GET"}
{"level":"error","message":{"error":{}}}
{"level":"warn","message":"Ruta /werwe inexistente para el método GET"}
{"level":"error","message":{"error":{}}}
{"level":"warn","message":"Ruta /werwe inexistente para el método GET"}
{"level":"error","message":{"error":{}}}
{"level":"warn","message":"Ruta /werwe inexistente para el método GET"}
{"level":"error","message":{"error":{}}}
{"level":"warn","message":"Ruta /werwe inexistente para el método GET"}
{"level":"error","message":{"error":{}}}
{"level":"warn","message":"Ruta /werwe inexistente para el método GET"}
{"level":"error","message":{}}
{"level":"warn","message":"Ruta /werwe inexistente para el método GET"}
{"level":"warn","message":"Ruta /werwe inexistente para el método GET"}
{"level":"warn","message":"Ruta /werwe inexistente para el método GET"}
{"level":"error","message":{}}
{"level":"warn","message":"Ruta /werwe inexistente para el método GET"}
{"level":"error","message":{}}
{"level":"warn","message":"Ruta /werwe inexistente para el método GET"}
{"level":"warn","message":"Ruta /werwe inexistente para el método GET"}
{"level":"warn","message":"Ruta /werwe inexistente para el método GET"}
{"level":"error","message":{}}
{"level":"warn","message":"Ruta /werwe inexistente para el método GET"}
{"level":"error","message":{}}
{"level":"warn","message":"Ruta /werwe inexistente para el método GET"}
{"level":"error","message":{}}
{"level":"warn","message":"Ruta /werwe inexistente para el método GET"}
{"level":"error","message":{}}
{"level":"warn","message":"Ruta /werwe inexistente para el método GET"}
{"level":"error","message":{}}
{"level":"warn","message":"Ruta /werwe inexistente para el método GET"}
{"level":"error","message":{}}
{"level":"warn","message":"Ruta /werwe inexistente para el método GET"}
{"level":"warn","message":"Ruta /werwe inexistente para el método GET"}
{"level":"warn","message":"Ruta /werwe inexistente para el método GET"}
{"level":"warn","message":"Ruta /werwe inexistente para el método GET"}
{"level":"warn","message":"Ruta /werwe inexistente para el método GET"}
{"level":"warn","message":"Ruta /werwe inexistente para el método GET"}
{"level":"error","message":{"error":{}}}
{"level":"error","message":{"error":{}}}
{"level":"error","message":{"error":{}}}
{"level":"error","message":{"error":{}}}
{"level":"error","message":{"error":{}}}
{"level":"error","message":{"error":{}}}
{"level":"error","message":{"error":{}}}
{"level":"warn","message":"Ruta /qweqwe inexistente para el método GET"}
{"level":"warn","message":"Ruta /qweqwe inexistente para el método GET"}
{"level":"warn","message":"Ruta /qweqwe inexistente para el método GET"}
{"level":"warn","message":"Ruta /qweqwe inexistente para el método GET"}
{"level":"warn","message":"Ruta /qweqwe inexistente para el método GET"}
{"level":"warn","message":"Ruta /qweqwe inexistente para el método GET"}
{"level":"warn","message":"Ruta /qweqwe inexistente para el método GET"}
{"level":"warn","message":"Ruta /qweqwe inexistente para el método GET"}
{"level":"warn","message":"Ruta /qweqwe inexistente para el método GET"}
{"level":"warn","message":"Ruta /qweqwe inexistente para el método GET"}
{"level":"warn","message":"Ruta /qweqwe inexistente para el método GET"}
{"level":"warn","message":"Ruta /qweqwe inexistente para el método GET"}
{"level":"warn","message":"Ruta /qweqwe inexistente para el método GET"}
{"level":"warn","message":"Ruta /qweqwe inexistente para el método GET"}
{"level":"warn","message":"Ruta /qweqwe inexistente para el método GET"}
{"level":"warn","message":"Ruta /qweqwe inexistente para el método GET"}
{"level":"warn","message":"Ruta /qweqwe inexistente para el método GET"}
{"level":"warn","message":"Ruta /qweqwe inexistente para el método GET"}
{"level":"warn","message":"Ruta /qweqwe inexistente para el método GET"}
{"level":"warn","message":"Ruta /qweqwe inexistente para el método GET"}
{"level":"warn","message":"Ruta /qweqwe inexistente para el método GET"}
{"level":"warn","message":"Ruta /qweqwe inexistente para el método GET"}
{"level":"warn","message":"Ruta /qweqwe inexistente para el método GET"}
{"level":"warn","message":"Ruta /qweqwe inexistente para el método GET"}
{"level":"warn","message":"Ruta /qweqwe inexistente para el método GET"}
{"level":"warn","message":"Ruta /qweqwe inexistente para el método GET"}
{"level":"warn","message":"Ruta /qweqwe inexistente para el método GET"}
{"level":"warn","message":"Ruta /qweqwe inexistente para el método GET"}
{"level":"warn","message":"Ruta /qweqwe inexistente para el método GET"}
{"level":"warn","message":"Ruta /qweqwe inexistente para el método GET"}
{"level":"warn","message":"Ruta /qweqwe inexistente para el método GET"}
{"level":"warn","message":"Ruta /qweqwe inexistente para el método GET"}
{"level":"warn","message":"Ruta /qweqwe inexistente para el método GET"}
{"level":"warn","message":"Ruta /qweqwe inexistente para el método GET"}
{"level":"warn","message":"Ruta /qweqwe inexistente para el método GET"}
{"level":"warn","message":"Ruta /qweqwe inexistente para el método GET"}
{"level":"warn","message":"Ruta /qweqwe inexistente para el método GET"}
{"level":"warn","message":"Ruta /qweqwe inexistente para el método GET"}
{"level":"warn","message":"Ruta /qweqwe inexistente para el método GET"}
{"level":"warn","message":"Ruta /qweqwe inexistente para el método GET"}
{"level":"error"}
{"level":"error"}
{"level":"error"}
